Time-step: 1
CURRENT NETWORK STATUS:

Andy follows: 
Woody follows: Andy, Bo Peep, Buzz Lightyear
Bo Peep follows: Woody, Andy, Buzz Lightyear
Slinky Dog follows: Woody, Andy, Buzz Lightyear, Bo Peep
Rex follows: Woody, Andy, Buzz Lightyear, Bo Peep
Mr. PotatoHead follows: Andy, Hamm
Hamm follows: Andy, Mr. PotatoHead
Lenny follows: Andy, Woody, Buzz Lightyear, Bo Peep
Sergeant follows: Andy, Woody, Bo Peep, Buzz Lightyear
Soldier1 follows: Sergeant, Woody, Bo Peep, Buzz Lightyear
Soldier2 follows: Sergeant, Woody, Bo Peep, Buzz Lightyear
Soldier3 follows: Sergeant, Woody, Bo Peep, Buzz Lightyear
Soldier4 follows: Sergeant, Woody, Bo Peep, Buzz Lightyear
Soldier5 follows: Sergeant, Woody, Bo Peep, Buzz Lightyear
Soldier6 follows: Sergeant, Woody, Bo Peep, Buzz Lightyear
Buzz Lightyear follows: 
The Claw follows: 
Alien1 follows: The Claw, Alien3, Alien8, Alien6, Buzz Lightyear
Alien2 follows: The Claw, Alien1, Alien3, Alien8, Alien6, Buzz Lightyear
Alien3 follows: The Claw, Alien1, Alien8, Alien6, Buzz Lightyear
Alien4 follows: The Claw, Alien1, Alien3, Alien8, Alien6, Buzz Lightyear
Alien5 follows: The Claw, Alien1, Alien3, Alien8, Alien6, Buzz Lightyear
Alien6 follows: The Claw, Alien1, Alien3, Alien8, Buzz Lightyear
Alien7 follows: The Claw, Alien1, Alien3, Alien8, Alien6, Buzz Lightyear
Alien8 follows: The Claw, Alien1, Alien3, Alien6, Buzz Lightyear
Alien9 follows: The Claw, Alien1, Alien3, Alien8, Alien6, Buzz Lightyear
Alien10 follows: The Claw, Alien3, Alien8, Alien6, Alien1, Buzz Lightyear
Sid follows: Sid's Mom
Scud follows: Sid
Hannah follows: Sid's Mom
Janey follows: Hannah
Sally follows: Hannah
Sid's Mom follows: 
Time-step: 2
CURRENT NETWORK STATUS:

Andy follows: 
Woody follows: Andy, Bo Peep, Buzz Lightyear
Bo Peep follows: Woody, Andy, Buzz Lightyear
Slinky Dog follows: Woody, Andy, Buzz Lightyear, Bo Peep
Rex follows: Woody, Andy, Buzz Lightyear, Bo Peep
Mr. PotatoHead follows: Andy, Hamm
Hamm follows: Andy, Mr. PotatoHead
Lenny follows: Andy, Woody, Buzz Lightyear, Bo Peep
Sergeant follows: Andy, Woody, Bo Peep, Buzz Lightyear
Soldier1 follows: Sergeant, Woody, Bo Peep, Buzz Lightyear
Soldier2 follows: Sergeant, Woody, Bo Peep, Buzz Lightyear
Soldier3 follows: Sergeant, Woody, Bo Peep, Buzz Lightyear
Soldier4 follows: Sergeant, Woody, Bo Peep, Buzz Lightyear
Soldier5 follows: Sergeant, Woody, Bo Peep, Buzz Lightyear
Soldier6 follows: Sergeant, Woody, Bo Peep, Buzz Lightyear
Buzz Lightyear follows: 
The Claw follows: 
Alien1 follows: The Claw, Alien3, Alien8, Alien6, Buzz Lightyear
Alien2 follows: The Claw, Alien1, Alien3, Alien8, Alien6, Buzz Lightyear
Alien3 follows: The Claw, Alien1, Alien8, Alien6, Buzz Lightyear
Alien4 follows: The Claw, Alien1, Alien3, Alien8, Alien6, Buzz Lightyear
Alien5 follows: The Claw, Alien1, Alien3, Alien8, Alien6, Buzz Lightyear
Alien6 follows: The Claw, Alien1, Alien3, Alien8, Buzz Lightyear
Alien7 follows: The Claw, Alien1, Alien3, Alien8, Alien6, Buzz Lightyear
Alien8 follows: The Claw, Alien1, Alien3, Alien6, Buzz Lightyear
Alien9 follows: The Claw, Alien1, Alien3, Alien8, Alien6, Buzz Lightyear
Alien10 follows: The Claw, Alien3, Alien8, Alien6, Alien1, Buzz Lightyear
Sid follows: Sid's Mom
Scud follows: Sid
Hannah follows: Sid's Mom
Janey follows: Hannah
Sally follows: Hannah
Sid's Mom follows: 
