Time-step: 1
CURRENT NETWORK STATISTICS

Top 5 most popular users: 

1. Buzz Lightyear with 22 followers
2. Woody with 11 followers
3. Bo Peep with 11 followers
4. The Claw with 10 followers
5. Alien1 with 9 followers

Top 5 most popular posts: 

1. Buzz Lightyear: Greetings, I am Buzz Lightyear. I come in peace. has 22 likes
2. Buzz Lightyear: To infininty and beyond! has 22 likes
3. Buzz Lightyear: How dare you open a spaceman's helmet on an uncharted planet! My eyeballs could've been sucked from their sockets! has 22 likes
4. Buzz Lightyear: You are a sad, strange little man, and you have my pity. has 22 likes
5. Buzz Lightyear: This is an intergalactic emergency. I need to commandeer your vessel to Sector 12. Who's in charge here?. has 22 likes

------======Most Popular User======------

Buzz Lightyear

0 Follows: 

22 Followers: Rex, Bo Peep, Lenny, Slinky Dog, Alien1, Woody, Sergeant, Soldier1, Soldier2, Soldier3, Soldier4, Soldier5, Soldier6, Alien2, Alien3, Alien4, Alien5, Alien6, Alien7, Alien8, Alien9, Alien10

Posts:

Greetings, I am Buzz Lightyear. I come in peace.
22 Likers: Bo Peep, Slinky Dog, Rex, Lenny, Alien1, Woody, Sergeant, Soldier1, Soldier2, Soldier3, Soldier4, Soldier5, Soldier6, Alien2, Alien3, Alien4, Alien5, Alien6, Alien7, Alien8, Alien9, Alien10

To infininty and beyond!
22 Likers: Bo Peep, Slinky Dog, Rex, Lenny, Alien1, Woody, Sergeant, Soldier1, Soldier2, Soldier3, Soldier4, Soldier5, Soldier6, Alien2, Alien3, Alien4, Alien5, Alien6, Alien7, Alien8, Alien9, Alien10

How dare you open a spaceman's helmet on an uncharted planet! My eyeballs could've been sucked from their sockets!
22 Likers: Bo Peep, Slinky Dog, Rex, Lenny, Alien1, Woody, Sergeant, Soldier1, Soldier2, Soldier3, Soldier4, Soldier5, Soldier6, Alien2, Alien3, Alien4, Alien5, Alien6, Alien7, Alien8, Alien9, Alien10

You are a sad, strange little man, and you have my pity.
22 Likers: Bo Peep, Slinky Dog, Rex, Lenny, Alien1, Woody, Sergeant, Soldier1, Soldier2, Soldier3, Soldier4, Soldier5, Soldier6, Alien2, Alien3, Alien4, Alien5, Alien6, Alien7, Alien8, Alien9, Alien10

This is an intergalactic emergency. I need to commandeer your vessel to Sector 12. Who's in charge here?.
22 Likers: Bo Peep, Slinky Dog, Rex, Lenny, Alien1, Woody, Sergeant, Soldier1, Soldier2, Soldier3, Soldier4, Soldier5, Soldier6, Alien2, Alien3, Alien4, Alien5, Alien6, Alien7, Alien8, Alien9, Alien10

You see the hat? I am Mrs. Nes-bitt!
22 Likers: Bo Peep, Slinky Dog, Rex, Lenny, Alien1, Woody, Sergeant, Soldier1, Soldier2, Soldier3, Soldier4, Soldier5, Soldier6, Alien2, Alien3, Alien4, Alien5, Alien6, Alien7, Alien8, Alien9, Alien10

I don't believe that man's ever been to medical school!
22 Likers: Bo Peep, Slinky Dog, Rex, Lenny, Alien1, Woody, Sergeant, Soldier1, Soldier2, Soldier3, Soldier4, Soldier5, Soldier6, Alien2, Alien3, Alien4, Alien5, Alien6, Alien7, Alien8, Alien9, Alien10

CURRENT NETWORK STATUS:

Andy follows: 
Woody follows: Andy, Bo Peep, Buzz Lightyear
Bo Peep follows: Woody, Andy, Buzz Lightyear
Slinky Dog follows: Woody, Andy, Buzz Lightyear, Bo Peep
Rex follows: Woody, Andy, Buzz Lightyear, Bo Peep
Mr. PotatoHead follows: Andy, Hamm
Hamm follows: Andy, Mr. PotatoHead
Lenny follows: Andy, Woody, Buzz Lightyear, Bo Peep
Sergeant follows: Andy, Woody, Bo Peep, Buzz Lightyear
Soldier1 follows: Sergeant, Woody, Bo Peep, Buzz Lightyear
Soldier2 follows: Sergeant, Woody, Bo Peep, Buzz Lightyear
Soldier3 follows: Sergeant, Woody, Bo Peep, Buzz Lightyear
Soldier4 follows: Sergeant, Woody, Bo Peep, Buzz Lightyear
Soldier5 follows: Sergeant, Woody, Bo Peep, Buzz Lightyear
Soldier6 follows: Sergeant, Woody, Bo Peep, Buzz Lightyear
Buzz Lightyear follows: 
The Claw follows: 
Alien1 follows: The Claw, Alien3, Alien8, Alien6, Buzz Lightyear
Alien2 follows: The Claw, Alien1, Alien3, Alien8, Alien6, Buzz Lightyear
Alien3 follows: The Claw, Alien1, Alien8, Alien6, Buzz Lightyear
Alien4 follows: The Claw, Alien1, Alien3, Alien8, Alien6, Buzz Lightyear
Alien5 follows: The Claw, Alien1, Alien3, Alien8, Alien6, Buzz Lightyear
Alien6 follows: The Claw, Alien1, Alien3, Alien8, Buzz Lightyear
Alien7 follows: The Claw, Alien1, Alien3, Alien8, Alien6, Buzz Lightyear
Alien8 follows: The Claw, Alien1, Alien3, Alien6, Buzz Lightyear
Alien9 follows: The Claw, Alien1, Alien3, Alien8, Alien6, Buzz Lightyear
Alien10 follows: The Claw, Alien3, Alien8, Alien6, Alien1, Buzz Lightyear
Sid follows: Sid's Mom
Scud follows: Sid
Hannah follows: Sid's Mom
Janey follows: Hannah
Sally follows: Hannah
Sid's Mom follows: 
